Performing C SOURCE FILE Test MULTIPASS_TEST_2_petsc_works_minimal failed with the following compile output:
Change Dir: /Users/kevinzheng/ipic_test2/ipic3d-git/build/CMakeFiles/CMakeTmp

Run Build Command(s):/usr/bin/make cmTC_6c7a3/fast && /Library/Developer/CommandLineTools/usr/bin/make  -f CMakeFiles/cmTC_6c7a3.dir/build.make CMakeFiles/cmTC_6c7a3.dir/build
Building C object CMakeFiles/cmTC_6c7a3.dir/src.c.o
/Library/Developer/CommandLineTools/usr/bin/cc  -I/Users/kevinzheng/prod/opt/libraries/petsc/include -I/Users/kevinzheng/petsc/include  -DMULTIPASS_TEST_2_petsc_works_minimal -isysroot /Library/Developer/CommandLineTools/SDKs/MacOSX10.15.sdk   -o CMakeFiles/cmTC_6c7a3.dir/src.c.o   -c /Users/kevinzheng/ipic_test2/ipic3d-git/build/CMakeFiles/CMakeTmp/src.c
In file included from /Users/kevinzheng/ipic_test2/ipic3d-git/build/CMakeFiles/CMakeTmp/src.c:3:
In file included from /Users/kevinzheng/prod/opt/libraries/petsc/include/petscts.h:7:
In file included from /Users/kevinzheng/prod/opt/libraries/petsc/include/petscsnes.h:6:
In file included from /Users/kevinzheng/prod/opt/libraries/petsc/include/petscksp.h:6:
In file included from /Users/kevinzheng/prod/opt/libraries/petsc/include/petscpc.h:6:
In file included from /Users/kevinzheng/prod/opt/libraries/petsc/include/petscmat.h:6:
In file included from /Users/kevinzheng/prod/opt/libraries/petsc/include/petscvec.h:9:
In file included from /Users/kevinzheng/prod/opt/libraries/petsc/include/petscis.h:7:
/Users/kevinzheng/prod/opt/libraries/petsc/include/petscsys.h:134:12: fatal error: 'mpi.h' file not found
#  include <mpi.h>
           ^~~~~~~
1 error generated.
make[1]: *** [CMakeFiles/cmTC_6c7a3.dir/src.c.o] Error 1
make: *** [cmTC_6c7a3/fast] Error 2


...and run output:

Return value: 1
Source file was:

static const char help[] = "PETSc test program.";
#include <petscts.h>
int main(int argc,char *argv[]) {
  PetscErrorCode ierr;
  TS ts;

  ierr = PetscInitialize(&argc,&argv,0,help);CHKERRQ(ierr);
  ierr = TSCreate(PETSC_COMM_WORLD,&ts);CHKERRQ(ierr);
  ierr = TSSetFromOptions(ts);CHKERRQ(ierr);
  ierr = TSDestroy(&ts);CHKERRQ(ierr);
  ierr = PetscFinalize();CHKERRQ(ierr);
  return 0;
}

Performing C SOURCE FILE Test MULTIPASS_TEST_3_petsc_works_allincludes failed with the following compile output:
Change Dir: /Users/kevinzheng/ipic_test2/ipic3d-git/build/CMakeFiles/CMakeTmp

Run Build Command(s):/usr/bin/make cmTC_a22a8/fast && /Library/Developer/CommandLineTools/usr/bin/make  -f CMakeFiles/cmTC_a22a8.dir/build.make CMakeFiles/cmTC_a22a8.dir/build
Building C object CMakeFiles/cmTC_a22a8.dir/src.c.o
/Library/Developer/CommandLineTools/usr/bin/cc  -I/Users/kevinzheng/prod/opt/libraries/petsc/include  -DMULTIPASS_TEST_3_petsc_works_allincludes -isysroot /Library/Developer/CommandLineTools/SDKs/MacOSX10.15.sdk   -o CMakeFiles/cmTC_a22a8.dir/src.c.o   -c /Users/kevinzheng/ipic_test2/ipic3d-git/build/CMakeFiles/CMakeTmp/src.c
In file included from /Users/kevinzheng/ipic_test2/ipic3d-git/build/CMakeFiles/CMakeTmp/src.c:3:
In file included from /Users/kevinzheng/prod/opt/libraries/petsc/include/petscts.h:7:
In file included from /Users/kevinzheng/prod/opt/libraries/petsc/include/petscsnes.h:6:
In file included from /Users/kevinzheng/prod/opt/libraries/petsc/include/petscksp.h:6:
In file included from /Users/kevinzheng/prod/opt/libraries/petsc/include/petscpc.h:6:
In file included from /Users/kevinzheng/prod/opt/libraries/petsc/include/petscmat.h:6:
In file included from /Users/kevinzheng/prod/opt/libraries/petsc/include/petscvec.h:9:
In file included from /Users/kevinzheng/prod/opt/libraries/petsc/include/petscis.h:7:
/Users/kevinzheng/prod/opt/libraries/petsc/include/petscsys.h:134:12: fatal error: 'mpi.h' file not found
#  include <mpi.h>
           ^~~~~~~
1 error generated.
make[1]: *** [CMakeFiles/cmTC_a22a8.dir/src.c.o] Error 1
make: *** [cmTC_a22a8/fast] Error 2


...and run output:

Return value: 1
Source file was:

static const char help[] = "PETSc test program.";
#include <petscts.h>
int main(int argc,char *argv[]) {
  PetscErrorCode ierr;
  TS ts;

  ierr = PetscInitialize(&argc,&argv,0,help);CHKERRQ(ierr);
  ierr = TSCreate(PETSC_COMM_WORLD,&ts);CHKERRQ(ierr);
  ierr = TSSetFromOptions(ts);CHKERRQ(ierr);
  ierr = TSDestroy(&ts);CHKERRQ(ierr);
  ierr = PetscFinalize();CHKERRQ(ierr);
  return 0;
}

Performing C SOURCE FILE Test MULTIPASS_TEST_4_petsc_works_alllibraries failed with the following compile output:
Change Dir: /Users/kevinzheng/ipic_test2/ipic3d-git/build/CMakeFiles/CMakeTmp

Run Build Command(s):/usr/bin/make cmTC_e54ba/fast && /Library/Developer/CommandLineTools/usr/bin/make  -f CMakeFiles/cmTC_e54ba.dir/build.make CMakeFiles/cmTC_e54ba.dir/build
Building C object CMakeFiles/cmTC_e54ba.dir/src.c.o
/Library/Developer/CommandLineTools/usr/bin/cc  -I/Users/kevinzheng/prod/opt/libraries/petsc/include -I/Users/kevinzheng/petsc/include  -DMULTIPASS_TEST_4_petsc_works_alllibraries -isysroot /Library/Developer/CommandLineTools/SDKs/MacOSX10.15.sdk   -o CMakeFiles/cmTC_e54ba.dir/src.c.o   -c /Users/kevinzheng/ipic_test2/ipic3d-git/build/CMakeFiles/CMakeTmp/src.c
In file included from /Users/kevinzheng/ipic_test2/ipic3d-git/build/CMakeFiles/CMakeTmp/src.c:3:
In file included from /Users/kevinzheng/prod/opt/libraries/petsc/include/petscts.h:7:
In file included from /Users/kevinzheng/prod/opt/libraries/petsc/include/petscsnes.h:6:
In file included from /Users/kevinzheng/prod/opt/libraries/petsc/include/petscksp.h:6:
In file included from /Users/kevinzheng/prod/opt/libraries/petsc/include/petscpc.h:6:
In file included from /Users/kevinzheng/prod/opt/libraries/petsc/include/petscmat.h:6:
In file included from /Users/kevinzheng/prod/opt/libraries/petsc/include/petscvec.h:9:
In file included from /Users/kevinzheng/prod/opt/libraries/petsc/include/petscis.h:7:
/Users/kevinzheng/prod/opt/libraries/petsc/include/petscsys.h:134:12: fatal error: 'mpi.h' file not found
#  include <mpi.h>
           ^~~~~~~
1 error generated.
make[1]: *** [CMakeFiles/cmTC_e54ba.dir/src.c.o] Error 1
make: *** [cmTC_e54ba/fast] Error 2


...and run output:

Return value: 1
Source file was:

static const char help[] = "PETSc test program.";
#include <petscts.h>
int main(int argc,char *argv[]) {
  PetscErrorCode ierr;
  TS ts;

  ierr = PetscInitialize(&argc,&argv,0,help);CHKERRQ(ierr);
  ierr = TSCreate(PETSC_COMM_WORLD,&ts);CHKERRQ(ierr);
  ierr = TSSetFromOptions(ts);CHKERRQ(ierr);
  ierr = TSDestroy(&ts);CHKERRQ(ierr);
  ierr = PetscFinalize();CHKERRQ(ierr);
  return 0;
}

Performing C SOURCE FILE Test MULTIPASS_TEST_5_petsc_works_all failed with the following compile output:
Change Dir: /Users/kevinzheng/ipic_test2/ipic3d-git/build/CMakeFiles/CMakeTmp

Run Build Command(s):/usr/bin/make cmTC_db056/fast && /Library/Developer/CommandLineTools/usr/bin/make  -f CMakeFiles/cmTC_db056.dir/build.make CMakeFiles/cmTC_db056.dir/build
Building C object CMakeFiles/cmTC_db056.dir/src.c.o
/Library/Developer/CommandLineTools/usr/bin/cc  -I/Users/kevinzheng/prod/opt/libraries/petsc/include  -DMULTIPASS_TEST_5_petsc_works_all -isysroot /Library/Developer/CommandLineTools/SDKs/MacOSX10.15.sdk   -o CMakeFiles/cmTC_db056.dir/src.c.o   -c /Users/kevinzheng/ipic_test2/ipic3d-git/build/CMakeFiles/CMakeTmp/src.c
In file included from /Users/kevinzheng/ipic_test2/ipic3d-git/build/CMakeFiles/CMakeTmp/src.c:3:
In file included from /Users/kevinzheng/prod/opt/libraries/petsc/include/petscts.h:7:
In file included from /Users/kevinzheng/prod/opt/libraries/petsc/include/petscsnes.h:6:
In file included from /Users/kevinzheng/prod/opt/libraries/petsc/include/petscksp.h:6:
In file included from /Users/kevinzheng/prod/opt/libraries/petsc/include/petscpc.h:6:
In file included from /Users/kevinzheng/prod/opt/libraries/petsc/include/petscmat.h:6:
In file included from /Users/kevinzheng/prod/opt/libraries/petsc/include/petscvec.h:9:
In file included from /Users/kevinzheng/prod/opt/libraries/petsc/include/petscis.h:7:
/Users/kevinzheng/prod/opt/libraries/petsc/include/petscsys.h:134:12: fatal error: 'mpi.h' file not found
#  include <mpi.h>
           ^~~~~~~
1 error generated.
make[1]: *** [CMakeFiles/cmTC_db056.dir/src.c.o] Error 1
make: *** [cmTC_db056/fast] Error 2


...and run output:

Return value: 1
Source file was:

static const char help[] = "PETSc test program.";
#include <petscts.h>
int main(int argc,char *argv[]) {
  PetscErrorCode ierr;
  TS ts;

  ierr = PetscInitialize(&argc,&argv,0,help);CHKERRQ(ierr);
  ierr = TSCreate(PETSC_COMM_WORLD,&ts);CHKERRQ(ierr);
  ierr = TSSetFromOptions(ts);CHKERRQ(ierr);
  ierr = TSDestroy(&ts);CHKERRQ(ierr);
  ierr = PetscFinalize();CHKERRQ(ierr);
  return 0;
}

